<?xml version="1.0" encoding="UTF-8"?>
<!-- Generated by org.testng.reporters.JUnitXMLReporter -->
<testsuite ignored="2" hostname="DESKTOP-6OB344K" failures="0" tests="1" name="Test" time="7.614" errors="0" timestamp="2026-04-05T21:43:12 IST">
  <testcase classname="testScripts.ManageNewsTest" name="verifyAddNewNews" time="4.476"/>
  <testcase classname="testScripts.ManageNewsTest" name="verifySearchNews" time="0.0">
    <ignored/>
  </testcase> <!-- verifySearchNews -->
  <testcase classname="testScripts.ManageNewsTest" name="verifyResetNews" time="0.0">
    <ignored/>
  </testcase> <!-- verifyResetNews -->
</testsuite> <!-- Test -->
