<?xml version="1.0" encoding="UTF-8"?>
<!-- Generated by org.testng.reporters.JUnitXMLReporter -->
<testsuite ignored="3" hostname="DESKTOP-6OB344K" failures="0" tests="1" name="Chrome Test" time="5.613" errors="0" timestamp="2026-03-31T09:33:59 IST">
  <testcase classname="testScripts.LoginTest" name="verifyUserLoginwithInvalidCredentials" time="1.291"/>
  <testcase classname="testScripts.LoginTest" name="verifyLoginwithInvalidUsername" time="0.0">
    <ignored/>
  </testcase> <!-- verifyLoginwithInvalidUsername -->
  <testcase classname="testScripts.LoginTest" name="verifyUserLoginwithValidCredentials" time="0.0">
    <ignored/>
  </testcase> <!-- verifyUserLoginwithValidCredentials -->
  <testcase classname="testScripts.LoginTest" name="verifyLoginwithInvalidPassword" time="0.0">
    <ignored/>
  </testcase> <!-- verifyLoginwithInvalidPassword -->
</testsuite> <!-- Chrome Test -->
