<?xml version="1.0" encoding="UTF-8"?>
<!-- Generated by org.testng.reporters.JUnitXMLReporter -->
<testsuite ignored="3" hostname="DESKTOP-6OB344K" failures="0" tests="1" name="Firefox Test" time="16.333" errors="0" timestamp="2026-03-31T09:34:15 IST">
  <testcase classname="testScripts.LoginTest" name="verifyUserLoginwithInvalidCredentials" time="0.728"/>
  <testcase classname="testScripts.LoginTest" name="verifyLoginwithInvalidPassword" time="0.0">
    <ignored/>
  </testcase> <!-- verifyLoginwithInvalidPassword -->
  <testcase classname="testScripts.LoginTest" name="verifyLoginwithInvalidUsername" time="0.0">
    <ignored/>
  </testcase> <!-- verifyLoginwithInvalidUsername -->
  <testcase classname="testScripts.LoginTest" name="verifyUserLoginwithValidCredentials" time="0.0">
    <ignored/>
  </testcase> <!-- verifyUserLoginwithValidCredentials -->
</testsuite> <!-- Firefox Test -->
