<?xml version="1.0" encoding="UTF-8"?>
<!-- Generated by org.testng.reporters.JUnitXMLReporter -->
<testsuite ignored="0" hostname="DESKTOP-6OB344K" failures="0" tests="4" name="Test1" time="20.051" errors="0" timestamp="2026-03-31T10:28:11 IST">
  <testcase classname="testScripts.LoginTest" name="verifyUserLoginwithValidCredentials" time="2.557"/>
  <testcase classname="testScripts.LoginTest" name="verifyUserLoginwithInvalidCredentials" time="0.994"/>
  <testcase classname="testScripts.LoginTest" name="verifyLoginwithInvalidUsername" time="0.923"/>
  <testcase classname="testScripts.LoginTest" name="verifyLoginwithInvalidPassword" time="0.842"/>
</testsuite> <!-- Test1 -->
